<?xml version="1.0" encoding="UTF-8"?>
<robot generator="Robot 5.0.1 (Python 3.7.5 on win32)" generated="20220611 11:46:25.341" rpa="true" schemaversion="3">
<suite id="s1" name="Tasks" source="e:\Course Work\RoboCorp\Certificate L2\tasks.robot">
<test id="s1-t1" name="Order Robots from RoboSpareBin Inc." line="15">
<kw name="Open the order robot page">
<kw name="Open Chrome Browser" library="RPA.Browser.Selenium">
<arg>https://robotsparebinindustries.com/#/robot-order</arg>
<doc>Open Chrome browser. See ``Open Available Browser`` for
descriptions of arguments.</doc>
<msg timestamp="20220611 11:46:27.240" level="INFO">Creating an instance of the Chrome WebDriver.</msg>
<msg timestamp="20220611 11:46:27.286" level="INFO">Created download root directory: C:\Users\thanu\AppData\Local\robocorp\webdrivers</msg>
<msg timestamp="20220611 11:46:27.287" level="INFO">Created symlink directory: C:\Users\thanu\AppData\Local\robocorp\webdrivers</msg>
<msg timestamp="20220611 11:46:27.289" level="INFO">Creating an instance of the Chrome WebDriver.</msg>
<msg timestamp="20220611 11:46:28.530" level="INFO">Created Chrome browser with arguments: --disable-dev-shm-usage --disable-web-security --allow-running-insecure-content --no-sandbox</msg>
<msg timestamp="20220611 11:46:28.532" level="INFO" html="true">&lt;p&gt;Attempted combinations:&lt;/p&gt;&lt;div class="doc"&gt;&lt;table&gt;&lt;tr&gt;&lt;th&gt;Browser&lt;/th&gt;&lt;th&gt;Download&lt;/th&gt;&lt;th&gt;Error&lt;/th&gt;&lt;/tr&gt;&lt;tr&gt;&lt;td&gt;Chrome&lt;/td&gt;&lt;td&gt;False&lt;/td&gt;&lt;td&gt;Message: 'chromedriver' executable needs to be in PATH. Please see https://sites.google.com/a/chromium.org/chromedriver/home
&lt;/td&gt;&lt;/tr&gt;&lt;tr&gt;&lt;td&gt;Chrome&lt;/td&gt;&lt;td&gt;True&lt;/td&gt;&lt;td&gt;&lt;/td&gt;&lt;/tr&gt;&lt;/table&gt;&lt;/div&gt;</msg>
<msg timestamp="20220611 11:46:28.533" level="INFO">Opening url 'https://robotsparebinindustries.com/#/robot-order'</msg>
<status status="PASS" starttime="20220611 11:46:27.236" endtime="20220611 11:46:29.236"/>
</kw>
<kw name="Click Element If Visible" library="RPA.Browser.Selenium">
<arg>//button[@class="btn btn-dark"]</arg>
<doc>Click element if it is visible</doc>
<msg timestamp="20220611 11:46:29.271" level="INFO">Element '//button[@class="btn btn-dark"]' is displayed.</msg>
<msg timestamp="20220611 11:46:29.272" level="INFO">Clicking element '//button[@class="btn btn-dark"]'.</msg>
<status status="PASS" starttime="20220611 11:46:29.238" endtime="20220611 11:46:29.326"/>
</kw>
<status status="PASS" starttime="20220611 11:46:27.229" endtime="20220611 11:46:29.328"/>
</kw>
<kw name="Download orders excel file">
<kw name="Download" library="RPA.HTTP">
<arg>https://robotsparebinindustries.com/orders.csv</arg>
<arg>overwrite=True</arg>
<doc>An alias for the ``HTTP Get`` keyword.</doc>
<msg timestamp="20220611 11:46:29.334" level="INFO">Creating a new HTTP session</msg>
<msg timestamp="20220611 11:46:29.334" level="INFO">Creating Session using : alias=rpasession_alias.httpsrobotsparebinindustries.com, url=https://robotsparebinindustries.com, headers={},                     cookies={}, auth=None, timeout=None, proxies=None, verify=True,                     debug=0 </msg>
<status status="PASS" starttime="20220611 11:46:29.331" endtime="20220611 11:46:29.525"/>
</kw>
<status status="PASS" starttime="20220611 11:46:29.329" endtime="20220611 11:46:29.526"/>
</kw>
<kw name="Read Excel File as table and submit for one order">
<kw name="Get orders">
<kw name="Read table from CSV" library="RPA.Tables">
<var>${orders}</var>
<arg>orders.csv</arg>
<doc>Read a CSV file as a table.</doc>
<msg timestamp="20220611 11:46:29.547" level="INFO">${orders} = Table(columns=['Order number', 'Head', 'Body', 'Legs', 'Address'], rows=20)</msg>
<status status="PASS" starttime="20220611 11:46:29.531" endtime="20220611 11:46:29.547"/>
</kw>
<for flavor="IN">
<var>${order}</var>
<value>@{orders}</value>
<iter>
<var name="${order}">{'Order number': '1', 'Head': '1', 'Body': '2', 'Legs': '3', 'Address': 'Address 123'}</var>
<kw name="Select Radio Button" library="RPA.Browser.Selenium">
<arg>body</arg>
<arg>${order}[Body]</arg>
<doc>Sets the radio button group ``group_name`` to ``value``.</doc>
<msg timestamp="20220611 11:46:29.553" level="INFO">Selecting '2' from radio button 'body'.</msg>
<status status="PASS" starttime="20220611 11:46:29.552" endtime="20220611 11:46:29.623"/>
</kw>
<kw name="Input Text" library="RPA.Browser.Selenium">
<arg>address</arg>
<arg>${order}[Address]</arg>
<doc>Types the given ``text`` into the text field identified by ``locator``.</doc>
<msg timestamp="20220611 11:46:29.626" level="INFO">Typing text 'Address 123' into text field 'address'.</msg>
<status status="PASS" starttime="20220611 11:46:29.624" endtime="20220611 11:46:29.737"/>
</kw>
<kw name="Click Button" library="RPA.Browser.Selenium">
<arg>preview</arg>
<doc>Clicks the button identified by ``locator``.</doc>
<msg timestamp="20220611 11:46:29.740" level="INFO">Clicking button 'preview'.</msg>
<status status="PASS" starttime="20220611 11:46:29.739" endtime="20220611 11:46:29.824"/>
</kw>
<status status="PASS" starttime="20220611 11:46:29.551" endtime="20220611 11:46:29.826"/>
</iter>
<iter>
<var name="${order}">{'Order number': '2', 'Head': '4', 'Body': '1', 'Legs': '5', 'Address': 'Address 456'}</var>
<kw name="Select Radio Button" library="RPA.Browser.Selenium">
<arg>body</arg>
<arg>${order}[Body]</arg>
<doc>Sets the radio button group ``group_name`` to ``value``.</doc>
<msg timestamp="20220611 11:46:29.831" level="INFO">Selecting '1' from radio button 'body'.</msg>
<status status="PASS" starttime="20220611 11:46:29.829" endtime="20220611 11:46:29.909"/>
</kw>
<kw name="Input Text" library="RPA.Browser.Selenium">
<arg>address</arg>
<arg>${order}[Address]</arg>
<doc>Types the given ``text`` into the text field identified by ``locator``.</doc>
<msg timestamp="20220611 11:46:29.912" level="INFO">Typing text 'Address 456' into text field 'address'.</msg>
<status status="PASS" starttime="20220611 11:46:29.910" endtime="20220611 11:46:30.013"/>
</kw>
<kw name="Click Button" library="RPA.Browser.Selenium">
<arg>preview</arg>
<doc>Clicks the button identified by ``locator``.</doc>
<msg timestamp="20220611 11:46:30.016" level="INFO">Clicking button 'preview'.</msg>
<status status="PASS" starttime="20220611 11:46:30.015" endtime="20220611 11:46:30.080"/>
</kw>
<status status="PASS" starttime="20220611 11:46:29.827" endtime="20220611 11:46:30.081"/>
</iter>
<iter>
<var name="${order}">{'Order number': '3', 'Head': '6', 'Body': '2', 'Legs': '3', 'Address': 'Address 789'}</var>
<kw name="Select Radio Button" library="RPA.Browser.Selenium">
<arg>body</arg>
<arg>${order}[Body]</arg>
<doc>Sets the radio button group ``group_name`` to ``value``.</doc>
<msg timestamp="20220611 11:46:30.085" level="INFO">Selecting '2' from radio button 'body'.</msg>
<status status="PASS" starttime="20220611 11:46:30.083" endtime="20220611 11:46:30.136"/>
</kw>
<kw name="Input Text" library="RPA.Browser.Selenium">
<arg>address</arg>
<arg>${order}[Address]</arg>
<doc>Types the given ``text`` into the text field identified by ``locator``.</doc>
<msg timestamp="20220611 11:46:30.138" level="INFO">Typing text 'Address 789' into text field 'address'.</msg>
<status status="PASS" starttime="20220611 11:46:30.137" endtime="20220611 11:46:30.224"/>
</kw>
<kw name="Click Button" library="RPA.Browser.Selenium">
<arg>preview</arg>
<doc>Clicks the button identified by ``locator``.</doc>
<msg timestamp="20220611 11:46:30.228" level="INFO">Clicking button 'preview'.</msg>
<status status="PASS" starttime="20220611 11:46:30.225" endtime="20220611 11:46:30.277"/>
</kw>
<status status="PASS" starttime="20220611 11:46:30.082" endtime="20220611 11:46:30.278"/>
</iter>
<iter>
<var name="${order}">{'Order number': '4', 'Head': '2', 'Body': '3', 'Legs': '2', 'Address': 'Address 1'}</var>
<kw name="Select Radio Button" library="RPA.Browser.Selenium">
<arg>body</arg>
<arg>${order}[Body]</arg>
<doc>Sets the radio button group ``group_name`` to ``value``.</doc>
<msg timestamp="20220611 11:46:30.282" level="INFO">Selecting '3' from radio button 'body'.</msg>
<status status="PASS" starttime="20220611 11:46:30.281" endtime="20220611 11:46:30.352"/>
</kw>
<kw name="Input Text" library="RPA.Browser.Selenium">
<arg>address</arg>
<arg>${order}[Address]</arg>
<doc>Types the given ``text`` into the text field identified by ``locator``.</doc>
<msg timestamp="20220611 11:46:30.354" level="INFO">Typing text 'Address 1' into text field 'address'.</msg>
<status status="PASS" starttime="20220611 11:46:30.353" endtime="20220611 11:46:30.436"/>
</kw>
<kw name="Click Button" library="RPA.Browser.Selenium">
<arg>preview</arg>
<doc>Clicks the button identified by ``locator``.</doc>
<msg timestamp="20220611 11:46:30.438" level="INFO">Clicking button 'preview'.</msg>
<status status="PASS" starttime="20220611 11:46:30.437" endtime="20220611 11:46:30.488"/>
</kw>
<status status="PASS" starttime="20220611 11:46:30.280" endtime="20220611 11:46:30.489"/>
</iter>
<iter>
<var name="${order}">{'Order number': '5', 'Head': '3', 'Body': '5', 'Legs': '1', 'Address': 'Address 2'}</var>
<kw name="Select Radio Button" library="RPA.Browser.Selenium">
<arg>body</arg>
<arg>${order}[Body]</arg>
<doc>Sets the radio button group ``group_name`` to ``value``.</doc>
<msg timestamp="20220611 11:46:30.494" level="INFO">Selecting '5' from radio button 'body'.</msg>
<status status="PASS" starttime="20220611 11:46:30.491" endtime="20220611 11:46:30.567"/>
</kw>
<kw name="Input Text" library="RPA.Browser.Selenium">
<arg>address</arg>
<arg>${order}[Address]</arg>
<doc>Types the given ``text`` into the text field identified by ``locator``.</doc>
<msg timestamp="20220611 11:46:30.569" level="INFO">Typing text 'Address 2' into text field 'address'.</msg>
<status status="PASS" starttime="20220611 11:46:30.568" endtime="20220611 11:46:30.683"/>
</kw>
<kw name="Click Button" library="RPA.Browser.Selenium">
<arg>preview</arg>
<doc>Clicks the button identified by ``locator``.</doc>
<msg timestamp="20220611 11:46:30.685" level="INFO">Clicking button 'preview'.</msg>
<status status="PASS" starttime="20220611 11:46:30.684" endtime="20220611 11:46:30.739"/>
</kw>
<status status="PASS" starttime="20220611 11:46:30.490" endtime="20220611 11:46:30.739"/>
</iter>
<iter>
<var name="${order}">{'Order number': '6', 'Head': '1', 'Body': '6', 'Legs': '6', 'Address': 'Address 3'}</var>
<kw name="Select Radio Button" library="RPA.Browser.Selenium">
<arg>body</arg>
<arg>${order}[Body]</arg>
<doc>Sets the radio button group ``group_name`` to ``value``.</doc>
<msg timestamp="20220611 11:46:30.742" level="INFO">Selecting '6' from radio button 'body'.</msg>
<status status="PASS" starttime="20220611 11:46:30.741" endtime="20220611 11:46:30.810"/>
</kw>
<kw name="Input Text" library="RPA.Browser.Selenium">
<arg>address</arg>
<arg>${order}[Address]</arg>
<doc>Types the given ``text`` into the text field identified by ``locator``.</doc>
<msg timestamp="20220611 11:46:30.812" level="INFO">Typing text 'Address 3' into text field 'address'.</msg>
<status status="PASS" starttime="20220611 11:46:30.810" endtime="20220611 11:46:30.899"/>
</kw>
<kw name="Click Button" library="RPA.Browser.Selenium">
<arg>preview</arg>
<doc>Clicks the button identified by ``locator``.</doc>
<msg timestamp="20220611 11:46:30.901" level="INFO">Clicking button 'preview'.</msg>
<status status="PASS" starttime="20220611 11:46:30.900" endtime="20220611 11:46:30.951"/>
</kw>
<status status="PASS" starttime="20220611 11:46:30.740" endtime="20220611 11:46:30.951"/>
</iter>
<iter>
<var name="${order}">{'Order number': '7', 'Head': '5', 'Body': '1', 'Legs': '5', 'Address': 'Address 4'}</var>
<kw name="Select Radio Button" library="RPA.Browser.Selenium">
<arg>body</arg>
<arg>${order}[Body]</arg>
<doc>Sets the radio button group ``group_name`` to ``value``.</doc>
<msg timestamp="20220611 11:46:30.954" level="INFO">Selecting '1' from radio button 'body'.</msg>
<status status="PASS" starttime="20220611 11:46:30.953" endtime="20220611 11:46:31.006"/>
</kw>
<kw name="Input Text" library="RPA.Browser.Selenium">
<arg>address</arg>
<arg>${order}[Address]</arg>
<doc>Types the given ``text`` into the text field identified by ``locator``.</doc>
<msg timestamp="20220611 11:46:31.008" level="INFO">Typing text 'Address 4' into text field 'address'.</msg>
<status status="PASS" starttime="20220611 11:46:31.007" endtime="20220611 11:46:31.092"/>
</kw>
<kw name="Click Button" library="RPA.Browser.Selenium">
<arg>preview</arg>
<doc>Clicks the button identified by ``locator``.</doc>
<msg timestamp="20220611 11:46:31.095" level="INFO">Clicking button 'preview'.</msg>
<status status="PASS" starttime="20220611 11:46:31.094" endtime="20220611 11:46:31.144"/>
</kw>
<status status="PASS" starttime="20220611 11:46:30.952" endtime="20220611 11:46:31.144"/>
</iter>
<iter>
<var name="${order}">{'Order number': '8', 'Head': '2', 'Body': '3', 'Legs': '3', 'Address': 'Address 5'}</var>
<kw name="Select Radio Button" library="RPA.Browser.Selenium">
<arg>body</arg>
<arg>${order}[Body]</arg>
<doc>Sets the radio button group ``group_name`` to ``value``.</doc>
<msg timestamp="20220611 11:46:31.149" level="INFO">Selecting '3' from radio button 'body'.</msg>
<status status="PASS" starttime="20220611 11:46:31.147" endtime="20220611 11:46:31.198"/>
</kw>
<kw name="Input Text" library="RPA.Browser.Selenium">
<arg>address</arg>
<arg>${order}[Address]</arg>
<doc>Types the given ``text`` into the text field identified by ``locator``.</doc>
<msg timestamp="20220611 11:46:31.203" level="INFO">Typing text 'Address 5' into text field 'address'.</msg>
<status status="PASS" starttime="20220611 11:46:31.199" endtime="20220611 11:46:31.288"/>
</kw>
<kw name="Click Button" library="RPA.Browser.Selenium">
<arg>preview</arg>
<doc>Clicks the button identified by ``locator``.</doc>
<msg timestamp="20220611 11:46:31.290" level="INFO">Clicking button 'preview'.</msg>
<status status="PASS" starttime="20220611 11:46:31.289" endtime="20220611 11:46:31.340"/>
</kw>
<status status="PASS" starttime="20220611 11:46:31.145" endtime="20220611 11:46:31.341"/>
</iter>
<iter>
<var name="${order}">{'Order number': '9', 'Head': '3', 'Body': '2', 'Legs': '2', 'Address': 'Address 6'}</var>
<kw name="Select Radio Button" library="RPA.Browser.Selenium">
<arg>body</arg>
<arg>${order}[Body]</arg>
<doc>Sets the radio button group ``group_name`` to ``value``.</doc>
<msg timestamp="20220611 11:46:31.345" level="INFO">Selecting '2' from radio button 'body'.</msg>
<status status="PASS" starttime="20220611 11:46:31.343" endtime="20220611 11:46:31.395"/>
</kw>
<kw name="Input Text" library="RPA.Browser.Selenium">
<arg>address</arg>
<arg>${order}[Address]</arg>
<doc>Types the given ``text`` into the text field identified by ``locator``.</doc>
<msg timestamp="20220611 11:46:31.397" level="INFO">Typing text 'Address 6' into text field 'address'.</msg>
<status status="PASS" starttime="20220611 11:46:31.396" endtime="20220611 11:46:31.490"/>
</kw>
<kw name="Click Button" library="RPA.Browser.Selenium">
<arg>preview</arg>
<doc>Clicks the button identified by ``locator``.</doc>
<msg timestamp="20220611 11:46:31.492" level="INFO">Clicking button 'preview'.</msg>
<status status="PASS" starttime="20220611 11:46:31.491" endtime="20220611 11:46:31.555"/>
</kw>
<status status="PASS" starttime="20220611 11:46:31.342" endtime="20220611 11:46:31.556"/>
</iter>
<iter>
<var name="${order}">{'Order number': '10', 'Head': '4', 'Body': '4', 'Legs': '2', 'Address': 'Address 7'}</var>
<kw name="Select Radio Button" library="RPA.Browser.Selenium">
<arg>body</arg>
<arg>${order}[Body]</arg>
<doc>Sets the radio button group ``group_name`` to ``value``.</doc>
<msg timestamp="20220611 11:46:31.562" level="INFO">Selecting '4' from radio button 'body'.</msg>
<status status="PASS" starttime="20220611 11:46:31.558" endtime="20220611 11:46:31.682"/>
</kw>
<kw name="Input Text" library="RPA.Browser.Selenium">
<arg>address</arg>
<arg>${order}[Address]</arg>
<doc>Types the given ``text`` into the text field identified by ``locator``.</doc>
<msg timestamp="20220611 11:46:31.685" level="INFO">Typing text 'Address 7' into text field 'address'.</msg>
<status status="PASS" starttime="20220611 11:46:31.683" endtime="20220611 11:46:31.779"/>
</kw>
<kw name="Click Button" library="RPA.Browser.Selenium">
<arg>preview</arg>
<doc>Clicks the button identified by ``locator``.</doc>
<msg timestamp="20220611 11:46:31.781" level="INFO">Clicking button 'preview'.</msg>
<status status="PASS" starttime="20220611 11:46:31.779" endtime="20220611 11:46:31.848"/>
</kw>
<status status="PASS" starttime="20220611 11:46:31.557" endtime="20220611 11:46:31.849"/>
</iter>
<iter>
<var name="${order}">{'Order number': '11', 'Head': '6', 'Body': '6', 'Legs': '1', 'Address': 'Address 8'}</var>
<kw name="Select Radio Button" library="RPA.Browser.Selenium">
<arg>body</arg>
<arg>${order}[Body]</arg>
<doc>Sets the radio button group ``group_name`` to ``value``.</doc>
<msg timestamp="20220611 11:46:31.853" level="INFO">Selecting '6' from radio button 'body'.</msg>
<status status="PASS" starttime="20220611 11:46:31.851" endtime="20220611 11:46:31.968"/>
</kw>
<kw name="Input Text" library="RPA.Browser.Selenium">
<arg>address</arg>
<arg>${order}[Address]</arg>
<doc>Types the given ``text`` into the text field identified by ``locator``.</doc>
<msg timestamp="20220611 11:46:31.971" level="INFO">Typing text 'Address 8' into text field 'address'.</msg>
<status status="PASS" starttime="20220611 11:46:31.968" endtime="20220611 11:46:32.112"/>
</kw>
<kw name="Click Button" library="RPA.Browser.Selenium">
<arg>preview</arg>
<doc>Clicks the button identified by ``locator``.</doc>
<msg timestamp="20220611 11:46:32.116" level="INFO">Clicking button 'preview'.</msg>
<status status="PASS" starttime="20220611 11:46:32.114" endtime="20220611 11:46:32.192"/>
</kw>
<status status="PASS" starttime="20220611 11:46:31.850" endtime="20220611 11:46:32.193"/>
</iter>
<iter>
<var name="${order}">{'Order number': '12', 'Head': '1', 'Body': '3', 'Legs': '3', 'Address': 'Address 9'}</var>
<kw name="Select Radio Button" library="RPA.Browser.Selenium">
<arg>body</arg>
<arg>${order}[Body]</arg>
<doc>Sets the radio button group ``group_name`` to ``value``.</doc>
<msg timestamp="20220611 11:46:32.195" level="INFO">Selecting '3' from radio button 'body'.</msg>
<status status="PASS" starttime="20220611 11:46:32.194" endtime="20220611 11:46:32.261"/>
</kw>
<kw name="Input Text" library="RPA.Browser.Selenium">
<arg>address</arg>
<arg>${order}[Address]</arg>
<doc>Types the given ``text`` into the text field identified by ``locator``.</doc>
<msg timestamp="20220611 11:46:32.263" level="INFO">Typing text 'Address 9' into text field 'address'.</msg>
<status status="PASS" starttime="20220611 11:46:32.262" endtime="20220611 11:46:32.372"/>
</kw>
<kw name="Click Button" library="RPA.Browser.Selenium">
<arg>preview</arg>
<doc>Clicks the button identified by ``locator``.</doc>
<msg timestamp="20220611 11:46:32.378" level="INFO">Clicking button 'preview'.</msg>
<status status="PASS" starttime="20220611 11:46:32.373" endtime="20220611 11:46:32.440"/>
</kw>
<status status="PASS" starttime="20220611 11:46:32.194" endtime="20220611 11:46:32.443"/>
</iter>
<iter>
<var name="${order}">{'Order number': '13', 'Head': '1', 'Body': '5', 'Legs': '4', 'Address': 'Address A'}</var>
<kw name="Select Radio Button" library="RPA.Browser.Selenium">
<arg>body</arg>
<arg>${order}[Body]</arg>
<doc>Sets the radio button group ``group_name`` to ``value``.</doc>
<msg timestamp="20220611 11:46:32.448" level="INFO">Selecting '5' from radio button 'body'.</msg>
<status status="PASS" starttime="20220611 11:46:32.447" endtime="20220611 11:46:32.531"/>
</kw>
<kw name="Input Text" library="RPA.Browser.Selenium">
<arg>address</arg>
<arg>${order}[Address]</arg>
<doc>Types the given ``text`` into the text field identified by ``locator``.</doc>
<msg timestamp="20220611 11:46:32.538" level="INFO">Typing text 'Address A' into text field 'address'.</msg>
<status status="PASS" starttime="20220611 11:46:32.531" endtime="20220611 11:46:32.661"/>
</kw>
<kw name="Click Button" library="RPA.Browser.Selenium">
<arg>preview</arg>
<doc>Clicks the button identified by ``locator``.</doc>
<msg timestamp="20220611 11:46:32.663" level="INFO">Clicking button 'preview'.</msg>
<status status="PASS" starttime="20220611 11:46:32.662" endtime="20220611 11:46:32.731"/>
</kw>
<status status="PASS" starttime="20220611 11:46:32.445" endtime="20220611 11:46:32.732"/>
</iter>
<iter>
<var name="${order}">{'Order number': '14', 'Head': '3', 'Body': '1', 'Legs': '5', 'Address': 'Address B'}</var>
<kw name="Select Radio Button" library="RPA.Browser.Selenium">
<arg>body</arg>
<arg>${order}[Body]</arg>
<doc>Sets the radio button group ``group_name`` to ``value``.</doc>
<msg timestamp="20220611 11:46:32.738" level="INFO">Selecting '1' from radio button 'body'.</msg>
<status status="PASS" starttime="20220611 11:46:32.736" endtime="20220611 11:46:32.785"/>
</kw>
<kw name="Input Text" library="RPA.Browser.Selenium">
<arg>address</arg>
<arg>${order}[Address]</arg>
<doc>Types the given ``text`` into the text field identified by ``locator``.</doc>
<msg timestamp="20220611 11:46:32.791" level="INFO">Typing text 'Address B' into text field 'address'.</msg>
<status status="PASS" starttime="20220611 11:46:32.787" endtime="20220611 11:46:32.876"/>
</kw>
<kw name="Click Button" library="RPA.Browser.Selenium">
<arg>preview</arg>
<doc>Clicks the button identified by ``locator``.</doc>
<msg timestamp="20220611 11:46:32.877" level="INFO">Clicking button 'preview'.</msg>
<status status="PASS" starttime="20220611 11:46:32.876" endtime="20220611 11:46:32.927"/>
</kw>
<status status="PASS" starttime="20220611 11:46:32.733" endtime="20220611 11:46:32.927"/>
</iter>
<iter>
<var name="${order}">{'Order number': '15', 'Head': '3', 'Body': '2', 'Legs': '6', 'Address': 'Address C'}</var>
<kw name="Select Radio Button" library="RPA.Browser.Selenium">
<arg>body</arg>
<arg>${order}[Body]</arg>
<doc>Sets the radio button group ``group_name`` to ``value``.</doc>
<msg timestamp="20220611 11:46:32.932" level="INFO">Selecting '2' from radio button 'body'.</msg>
<status status="PASS" starttime="20220611 11:46:32.929" endtime="20220611 11:46:32.985"/>
</kw>
<kw name="Input Text" library="RPA.Browser.Selenium">
<arg>address</arg>
<arg>${order}[Address]</arg>
<doc>Types the given ``text`` into the text field identified by ``locator``.</doc>
<msg timestamp="20220611 11:46:32.990" level="INFO">Typing text 'Address C' into text field 'address'.</msg>
<status status="PASS" starttime="20220611 11:46:32.987" endtime="20220611 11:46:33.076"/>
</kw>
<kw name="Click Button" library="RPA.Browser.Selenium">
<arg>preview</arg>
<doc>Clicks the button identified by ``locator``.</doc>
<msg timestamp="20220611 11:46:33.078" level="INFO">Clicking button 'preview'.</msg>
<status status="PASS" starttime="20220611 11:46:33.077" endtime="20220611 11:46:33.127"/>
</kw>
<status status="PASS" starttime="20220611 11:46:32.928" endtime="20220611 11:46:33.128"/>
</iter>
<iter>
<var name="${order}">{'Order number': '16', 'Head': '6', 'Body': '3', 'Legs': '6', 'Address': 'Address D'}</var>
<kw name="Select Radio Button" library="RPA.Browser.Selenium">
<arg>body</arg>
<arg>${order}[Body]</arg>
<doc>Sets the radio button group ``group_name`` to ``value``.</doc>
<msg timestamp="20220611 11:46:33.131" level="INFO">Selecting '3' from radio button 'body'.</msg>
<status status="PASS" starttime="20220611 11:46:33.129" endtime="20220611 11:46:33.181"/>
</kw>
<kw name="Input Text" library="RPA.Browser.Selenium">
<arg>address</arg>
<arg>${order}[Address]</arg>
<doc>Types the given ``text`` into the text field identified by ``locator``.</doc>
<msg timestamp="20220611 11:46:33.183" level="INFO">Typing text 'Address D' into text field 'address'.</msg>
<status status="PASS" starttime="20220611 11:46:33.181" endtime="20220611 11:46:33.265"/>
</kw>
<kw name="Click Button" library="RPA.Browser.Selenium">
<arg>preview</arg>
<doc>Clicks the button identified by ``locator``.</doc>
<msg timestamp="20220611 11:46:33.267" level="INFO">Clicking button 'preview'.</msg>
<status status="PASS" starttime="20220611 11:46:33.265" endtime="20220611 11:46:33.317"/>
</kw>
<status status="PASS" starttime="20220611 11:46:33.129" endtime="20220611 11:46:33.317"/>
</iter>
<iter>
<var name="${order}">{'Order number': '17', 'Head': '5', 'Body': '4', 'Legs': '1', 'Address': 'Address E'}</var>
<kw name="Select Radio Button" library="RPA.Browser.Selenium">
<arg>body</arg>
<arg>${order}[Body]</arg>
<doc>Sets the radio button group ``group_name`` to ``value``.</doc>
<msg timestamp="20220611 11:46:33.320" level="INFO">Selecting '4' from radio button 'body'.</msg>
<status status="PASS" starttime="20220611 11:46:33.319" endtime="20220611 11:46:33.369"/>
</kw>
<kw name="Input Text" library="RPA.Browser.Selenium">
<arg>address</arg>
<arg>${order}[Address]</arg>
<doc>Types the given ``text`` into the text field identified by ``locator``.</doc>
<msg timestamp="20220611 11:46:33.371" level="INFO">Typing text 'Address E' into text field 'address'.</msg>
<status status="PASS" starttime="20220611 11:46:33.370" endtime="20220611 11:46:33.450"/>
</kw>
<kw name="Click Button" library="RPA.Browser.Selenium">
<arg>preview</arg>
<doc>Clicks the button identified by ``locator``.</doc>
<msg timestamp="20220611 11:46:33.452" level="INFO">Clicking button 'preview'.</msg>
<status status="PASS" starttime="20220611 11:46:33.451" endtime="20220611 11:46:33.502"/>
</kw>
<status status="PASS" starttime="20220611 11:46:33.318" endtime="20220611 11:46:33.503"/>
</iter>
<iter>
<var name="${order}">{'Order number': '18', 'Head': '2', 'Body': '5', 'Legs': '1', 'Address': 'Address F'}</var>
<kw name="Select Radio Button" library="RPA.Browser.Selenium">
<arg>body</arg>
<arg>${order}[Body]</arg>
<doc>Sets the radio button group ``group_name`` to ``value``.</doc>
<msg timestamp="20220611 11:46:33.506" level="INFO">Selecting '5' from radio button 'body'.</msg>
<status status="PASS" starttime="20220611 11:46:33.505" endtime="20220611 11:46:33.558"/>
</kw>
<kw name="Input Text" library="RPA.Browser.Selenium">
<arg>address</arg>
<arg>${order}[Address]</arg>
<doc>Types the given ``text`` into the text field identified by ``locator``.</doc>
<msg timestamp="20220611 11:46:33.563" level="INFO">Typing text 'Address F' into text field 'address'.</msg>
<status status="PASS" starttime="20220611 11:46:33.559" endtime="20220611 11:46:33.644"/>
</kw>
<kw name="Click Button" library="RPA.Browser.Selenium">
<arg>preview</arg>
<doc>Clicks the button identified by ``locator``.</doc>
<msg timestamp="20220611 11:46:33.646" level="INFO">Clicking button 'preview'.</msg>
<status status="PASS" starttime="20220611 11:46:33.645" endtime="20220611 11:46:33.705"/>
</kw>
<status status="PASS" starttime="20220611 11:46:33.504" endtime="20220611 11:46:33.706"/>
</iter>
<iter>
<var name="${order}">{'Order number': '19', 'Head': '4', 'Body': '6', 'Legs': '2', 'Address': 'Address G'}</var>
<kw name="Select Radio Button" library="RPA.Browser.Selenium">
<arg>body</arg>
<arg>${order}[Body]</arg>
<doc>Sets the radio button group ``group_name`` to ``value``.</doc>
<msg timestamp="20220611 11:46:33.712" level="INFO">Selecting '6' from radio button 'body'.</msg>
<status status="PASS" starttime="20220611 11:46:33.711" endtime="20220611 11:46:33.780"/>
</kw>
<kw name="Input Text" library="RPA.Browser.Selenium">
<arg>address</arg>
<arg>${order}[Address]</arg>
<doc>Types the given ``text`` into the text field identified by ``locator``.</doc>
<msg timestamp="20220611 11:46:33.783" level="INFO">Typing text 'Address G' into text field 'address'.</msg>
<status status="PASS" starttime="20220611 11:46:33.781" endtime="20220611 11:46:33.876"/>
</kw>
<kw name="Click Button" library="RPA.Browser.Selenium">
<arg>preview</arg>
<doc>Clicks the button identified by ``locator``.</doc>
<msg timestamp="20220611 11:46:33.878" level="INFO">Clicking button 'preview'.</msg>
<status status="PASS" starttime="20220611 11:46:33.877" endtime="20220611 11:46:33.929"/>
</kw>
<status status="PASS" starttime="20220611 11:46:33.709" endtime="20220611 11:46:33.929"/>
</iter>
<iter>
<var name="${order}">{'Order number': '20', 'Head': '1', 'Body': '1', 'Legs': '5', 'Address': 'Address H'}</var>
<kw name="Select Radio Button" library="RPA.Browser.Selenium">
<arg>body</arg>
<arg>${order}[Body]</arg>
<doc>Sets the radio button group ``group_name`` to ``value``.</doc>
<msg timestamp="20220611 11:46:33.932" level="INFO">Selecting '1' from radio button 'body'.</msg>
<status status="PASS" starttime="20220611 11:46:33.931" endtime="20220611 11:46:33.981"/>
</kw>
<kw name="Input Text" library="RPA.Browser.Selenium">
<arg>address</arg>
<arg>${order}[Address]</arg>
<doc>Types the given ``text`` into the text field identified by ``locator``.</doc>
<msg timestamp="20220611 11:46:33.983" level="INFO">Typing text 'Address H' into text field 'address'.</msg>
<status status="PASS" starttime="20220611 11:46:33.981" endtime="20220611 11:46:34.067"/>
</kw>
<kw name="Click Button" library="RPA.Browser.Selenium">
<arg>preview</arg>
<doc>Clicks the button identified by ``locator``.</doc>
<msg timestamp="20220611 11:46:34.070" level="INFO">Clicking button 'preview'.</msg>
<status status="PASS" starttime="20220611 11:46:34.069" endtime="20220611 11:46:34.118"/>
</kw>
<status status="PASS" starttime="20220611 11:46:33.930" endtime="20220611 11:46:34.119"/>
</iter>
<status status="PASS" starttime="20220611 11:46:29.548" endtime="20220611 11:46:34.120"/>
</for>
<status status="PASS" starttime="20220611 11:46:29.529" endtime="20220611 11:46:34.122"/>
</kw>
<status status="PASS" starttime="20220611 11:46:29.528" endtime="20220611 11:46:34.123"/>
</kw>
<status status="PASS" starttime="20220611 11:46:27.218" endtime="20220611 11:46:34.126"/>
</test>
<doc>Orders robot from RobotSpareBin Industries Inc.
Saves the order HTML reciept as PDF
Saves the Scrennshot of the ordered robot
Embeds the SS of the robot to the PDF reciept
Creates ZIP archive of the reciepts and the images</doc>
<status status="PASS" starttime="20220611 11:46:25.354" endtime="20220611 11:46:34.131"/>
</suite>
<statistics>
<total>
<stat pass="1" fail="0" skip="0">All Tasks</stat>
</total>
<tag>
</tag>
<suite>
<stat pass="1" fail="0" skip="0" id="s1" name="Tasks">Tasks</stat>
</suite>
</statistics>
<errors>
</errors>
</robot>
