<?xml version="1.0" encoding="UTF-8"?>
<robot generator="Robot 5.0.1 (Python 3.7.5 on win32)" generated="20220612 12:08:41.703" rpa="false" schemaversion="3">
<suite id="s1" name="Robot Interactive Console" source="c:\Users\thanu\.vscode\extensions\robocorp.robotframework-lsp-0.48.2\src\robotframework_ls\vendored\robotframework_interactive\robot_interactive_console.robot">
<test id="s1-t1" name="Default Task/Test" line="5">
<kw name="Interpreter Main Loop" library="MainLoop">
<kw name="Log" library="BuiltIn">
<arg>${orders}</arg>
<doc>Logs the given message with the given level.</doc>
<msg timestamp="20220612 12:09:06.636" level="FAIL">Variable '${orders}' not found.</msg>
<status status="FAIL" starttime="20220612 12:09:06.631" endtime="20220612 12:09:06.636"/>
</kw>
<status status="PASS" starttime="20220612 12:08:41.762" endtime="20220612 13:08:41.763"/>
</kw>
<status status="PASS" starttime="20220612 12:08:41.761" endtime="20220612 13:08:41.764"/>
</test>
<status status="PASS" starttime="20220612 12:08:41.706" endtime="20220612 13:08:41.767"/>
</suite>
<statistics>
<total>
<stat pass="1" fail="0" skip="0">All Tests</stat>
</total>
<tag>
</tag>
<suite>
<stat pass="1" fail="0" skip="0" id="s1" name="Robot Interactive Console">Robot Interactive Console</stat>
</suite>
</statistics>
<errors>
</errors>
</robot>
/p&gt;&lt;div class="doc"&gt;&lt;table&gt;&lt;tr&gt;&lt;th&gt;Browser&lt;/th&gt;&lt;th&gt;Download&lt;/th&gt;&lt;th&gt;Error&lt;/th&gt;&lt;/tr&gt;&lt;tr&gt;&lt;td&gt;Chrome&lt;/td&gt;&lt;td&gt;False&lt;/td&gt;&lt;td&gt;Message: 'chromedriver' executable needs to be in PATH. Please see https://sites.google.com/a/chromium.org/chromedriver/home
&lt;/td&gt;&lt;/tr&gt;&lt;tr&gt;&lt;td&gt;Chrome&lt;/td&gt;&lt;td&gt;True&lt;/td&gt;&lt;td&gt;&lt;/td&gt;&lt;/tr&gt;&lt;/table&gt;&lt;/div&gt;</msg>
<msg timestamp="20220612 12:58:16.845" level="INFO">Opening url 'https://robotsparebinindustries.com/#/robot-order'</msg>
<status status="PASS" starttime="20220612 12:58:15.374" endtime="20220612 12:58:17.601"/>
</kw>
<kw name="Click Element If Visible" library="RPA.Browser.Selenium">
<arg>//button[@class="btn btn-dark"]</arg>
<doc>Click element if it is visible</doc>
<msg timestamp="20220612 12:58:17.637" level="INFO">Element '//button[@class="btn btn-dark"]' is displayed.</msg>
<msg timestamp="20220612 12:58:17.637" level="INFO">Clicking element '//button[@class="btn btn-dark"]'.</msg>
<status status="PASS" starttime="20220612 12:58:17.604" endtime="20220612 12:58:17.690"/>
</kw>
<status status="PASS" starttime="20220612 12:58:15.370" endtime="20220612 12:58:17.691"/>
</kw>
<kw name="Download orders excel file">
<kw name="Download" library="RPA.HTTP">
<arg>https://robotsparebinindustries.com/orders.csv</arg>
<arg>overwrite=True</arg>
<doc>An alias for the ``HTTP Get`` keyword.</doc>
<msg timestamp="20220612 12:58:17.696" level="INFO">Creating a new HTTP session</msg>
<msg timestamp="20220612 12:58:17.697" level="INFO">Creating Session using : alias=rpasession_alias.httpsrobotsparebinindustries.com, url=https://robotsparebinindustries.com, headers={},                     cookies={}, auth=None, timeout=None, proxies=None, verify=True,                     debug=0 </msg>
<status status="PASS" starttime="20220612 12:58:17.693" endtime="20220612 12:58:17.867"/>
</kw>
<status status="PASS" starttime="20220612 12:58:17.692" endtime="20220612 12:58:17.868"/>
</kw>
<kw name="Place orders">
<kw name="Get orders">
<var>${orderList}</var>
<kw name="Read table from CSV" library="RPA.Tables">
<var>${orders}</var>
<arg>orders.csv</arg>
<doc>Read a CSV file as a table.</doc>
<msg timestamp="20220612 12:58:17.887" level="INFO">${orders} = Table(columns=['Order number', 'Head', 'Body', 'Legs', 'Address'], rows=20)</msg>
<status status="PASS" starttime="20220612 12:58:17.876" endtime="20220612 12:58:17.888"/>
</kw>
<msg timestamp="20220612 12:58:17.890" level="INFO">${orderList} = Table(columns=['Order number', 'Head', 'Body', 'Legs', 'Address'], rows=20)</msg>
<status status="PASS" starttime="20220612 12:58:17.873" endtime="20220612 12:58:17.890"/>
</kw>
<kw name="Log" library="BuiltIn">
<arg>${orderList}</arg>
<doc>Logs the given message with the given level.</doc>
<msg timestamp="20220612 12:58:17.892" level="INFO">Table(columns=['Order number', 'Head', 'Body', 'Legs', 'Address'], rows=20)</msg>
<status status="PASS" starttime="20220612 12:58:17.891" endtime="20220612 12:58:17.893"/>
</kw>
<kw name="Fill Form">
<arg>@{orderList}</arg>
<for flavor="IN">
<var>${order}</var>
<value>@{orderList}</value>
<iter>
<var name="${order}">{'Order number': '1', 'Head': '1', 'Body': '2', 'Legs': '3', 'Address': 'Address 123'}</var>
<kw name="Select From List By Value" library="RPA.Browser.Selenium">
<arg>head</arg>
<arg>${order}[Head]</arg>
<doc>Selects options from selection list ``locator`` by ``values``.</doc>
<msg timestamp="20220612 12:58:17.903" level="INFO">Selecting options from selection list 'head' by value 1.</msg>
<status status="PASS" starttime="20220612 12:58:17.900" endtime="20220612 12:58:17.976"/>
</kw>
<kw name="Select Radio Button" library="RPA.Browser.Selenium">
<arg>body</arg>
<arg>${order}[Body]</arg>
<doc>Sets the radio button group ``group_name`` to ``value``.</doc>
<msg timestamp="20220612 12:58:17.976" level="INFO">Selecting '2' from radio button 'body'.</msg>
<status status="PASS" starttime="20220612 12:58:17.976" endtime="20220612 12:58:18.046"/>
</kw>
<kw name="Input Text" library="RPA.Browser.Selenium">
<arg>class:form-control</arg>
<arg>${order}[Legs]</arg>
<doc>Types the given ``text`` into the text field identified by ``locator``.</doc>
<msg timestamp="20220612 12:58:18.048" level="INFO">Typing text '3' into text field 'class:form-control'.</msg>
<status status="PASS" starttime="20220612 12:58:18.047" endtime="20220612 12:58:18.137"/>
</kw>
<kw name="Input Text" library="RPA.Browser.Selenium">
<arg>address</arg>
<arg>${order}[Address]</arg>
<doc>Types the given ``text`` into the text field identified by ``locator``.</doc>
<msg timestamp="20220612 12:58:18.137" level="INFO">Typing text 'Address 123' into text field 'address'.</msg>
<status status="PASS" starttime="20220612 12:58:18.137" endtime="20220612 12:58:18.258"/>
</kw>
<kw name="Click Button" library="RPA.Browser.Selenium">
<arg>preview</arg>
<doc>Clicks the button identified by ``locator``.</doc>
<msg timestamp="20220612 12:58:18.260" level="INFO">Clicking button 'preview'.</msg>
<status status="PASS" starttime="20220612 12:58:18.259" endtime="20220612 12:58:18.331"/>
</kw>
<status status="PASS" starttime="20220612 12:58:17.899" endtime="20220612 12:58:18.332"/>
</iter>
<iter>
<var name="${order}">{'Order number': '2', 'Head': '4', 'Body': '1', 'Legs': '5', 'Address': 'Address 456'}</var>
<kw name="Select From List By Value" library="RPA.Browser.Selenium">
<arg>head</arg>
<arg>${order}[Head]</arg>
<doc>Selects options from selection list ``locator`` by ``values``.</doc>
<msg timestamp="20220612 12:58:18.338" level="INFO">Selecting options from selection list 'head' by value 4.</msg>
<status status="PASS" starttime="20220612 12:58:18.336" endtime="20220612 12:58:18.417"/>
</kw>
<kw name="Select Radio Button" library="RPA.Browser.Selenium">
<arg>body</arg>
<arg>${order}[Body]</arg>
<doc>Sets the radio button group ``group_name`` to ``value``.</doc>
<msg timestamp="20220612 12:58:18.420" level="INFO">Selecting '1' from radio button 'body'.</msg>
<status status="PASS" starttime="20220612 12:58:18.418" endtime="20220612 12:58:18.482"/>
</kw>
<kw name="Input Text" library="RPA.Browser.Selenium">
<arg>class:form-control</arg>
<arg>${order}[Legs]</arg>
<doc>Types the given ``text`` into the text field identified by ``locator``.</doc>
<msg timestamp="20220612 12:58:18.486" level="INFO">Typing text '5' into text field 'class:form-control'.</msg>
<status status="PASS" starttime="20220612 12:58:18.484" endtime="20220612 12:58:18.555"/>
</kw>
<kw name="Input Text" library="RPA.Browser.Selenium">
<arg>address</arg>
<arg>${order}[Address]</arg>
<doc>Types the given ``text`` into the text field identified by ``locator``.</doc>
<msg timestamp="20220612 12:58:18.558" level="INFO">Typing text 'Address 456' into text field 'address'.</msg>
<status status="PASS" starttime="20220612 12:58:18.556" endtime="20220612 12:58:18.644"/>
</kw>
<kw name="Click Button" library="RPA.Browser.Selenium">
<arg>preview</arg>
<doc>Clicks the button identified by ``locator``.</doc>
<msg timestamp="20220612 12:58:18.646" level="INFO">Clicking button 'preview'.</msg>
<status status="PASS" starttime="20220612 12:58:18.645" endtime="20220612 12:58:18.694"/>
</kw>
<status status="PASS" starttime="20220612 12:58:18.334" endtime="20220612 12:58:18.694"/>
</iter>
<iter>
<var name="${order}">{'Order number': '3', 'Head': '6', 'Body': '2', 'Legs': '3', 'Address': 'Address 789'}</var>
<kw name="Select From List By Value" library="RPA.Browser.Selenium">
<arg>head</arg>
<arg>${order}[Head]</arg>
<doc>Selects options from selection list ``locator`` by ``values``.</doc>
<msg timestamp="20220612 12:58:18.699" level="INFO">Selecting options from selection list 'head' by value 6.</msg>
<status status="PASS" starttime="20220612 12:58:18.697" endtime="20220612 12:58:18.772"/>
</kw>
<kw name="Select Radio Button" library="RPA.Browser.Selenium">
<arg>body</arg>
<arg>${order}[Body]</arg>
<doc>Sets the radio button group ``group_name`` to ``value``.</doc>
<msg timestamp="20220612 12:58:18.774" level="INFO">Selecting '2' from radio button 'body'.</msg>
<status status="PASS" starttime="20220612 12:58:18.773" endtime="20220612 12:58:18.822"/>
</kw>
<kw name="Input Text" library="RPA.Browser.Selenium">
<arg>class:form-control</arg>
<arg>${order}[Legs]</arg>
<doc>Types the given ``text`` into the text field identified by ``locator``.</doc>
<msg timestamp="20220612 12:58:18.824" level="INFO">Typing text '3' into text field 'class:form-control'.</msg>
<status status="PASS" starttime="20220612 12:58:18.823" endtime="20220612 12:58:18.892"/>
</kw>
<kw name="Input Text" library="RPA.Browser.Selenium">
<arg>address</arg>
<arg>${order}[Address]</arg>
<doc>Types the given ``text`` into the text field identified by ``locator``.</doc>
<msg timestamp="20220612 12:58:18.894" level="INFO">Typing text 'Address 789' into text field 'address'.</msg>
<status status="PASS" starttime="20220612 12:58:18.893" endtime="20220612 12:58:18.997"/>
</kw>
<kw name="Click Button" library="RPA.Browser.Selenium">
<arg>preview</arg>
<doc>Clicks the button identified by ``locator``.</doc>
<msg timestamp="20220612 12:58:18.999" level="INFO">Clicking button 'preview'.</msg>
<status status="PASS" starttime="20220612 12:58:18.998" endtime="20220612 12:58:19.062"/>
</kw>
<status status="PASS" starttime="20220612 12:58:18.695" endtime="20220612 12:58:19.063"/>
</iter>
<iter>
<var name="${order}">{'Order number': '4', 'Head': '2', 'Body': '3', 'Legs': '2', 'Address': 'Address 1'}</var>
<kw name="Select From List By Value" library="RPA.Browser.Selenium">
<arg>head</arg>
<arg>${order}[Head]</arg>
<doc>Selects options from selection list ``locator`` by ``values``.</doc>
<msg timestamp="20220612 12:58:19.066" level="INFO">Selecting options from selection list 'head' by value 2.</msg>
<status status="PASS" starttime="20220612 12:58:19.064" endtime="20220612 12:58:19.133"/>
</kw>
<kw name="Select Radio Button" library="RPA.Browser.Selenium">
<arg>body</arg>
<arg>${order}[Body]</arg>
<doc>Sets the radio button group ``group_name`` to ``value``.</doc>
<msg timestamp="20220612 12:58:19.135" level="INFO">Selecting '3' from radio button 'body'.</msg>
<status status="PASS" starttime="20220612 12:58:19.134" endtime="20220612 12:58:19.196"/>
</kw>
<kw name="Input Text" library="RPA.Browser.Selenium">
<arg>class:form-control</arg>
<arg>${order}[Legs]</arg>
<doc>Types the given ``text`` into the text field identified by ``locator``.</doc>
<msg timestamp="20220612 12:58:19.198" level="INFO">Typing text '2' into text field 'class:form-control'.</msg>
<status status="PASS" starttime="20220612 12:58:19.196" endtime="20220612 12:58:19.266"/>
</kw>
<kw name="Input Text" library="RPA.Browser.Selenium">
<arg>address</arg>
<arg>${order}[Address]</arg>
<doc>Types the given ``text`` into the text field identified by ``locator``.</doc>
<msg timestamp="20220612 12:58:19.268" level="INFO">Typing text 'Address 1' into text field 'address'.</msg>
<status status="PASS" starttime="20220612 12:58:19.267" endtime="20220612 12:58:19.349"/>
</kw>
<kw name="Click Button" library="RPA.Browser.Selenium">
<arg>preview</arg>
<doc>Clicks the button identified by ``locator``.</doc>
<msg timestamp="20220612 12:58:19.352" level="INFO">Clicking button 'preview'.</msg>
<status status="PASS" starttime="20220612 12:58:19.350" endtime="20220612 12:58:19.400"/>
</kw>
<status status="PASS" starttime="20220612 12:58:19.063" endtime="20220612 12:58:19.401"/>
</iter>
<iter>
<var name="${order}">{'Order number': '5', 'Head': '3', 'Body': '5', 'Legs': '1', 'Address': 'Address 2'}</var>
<kw name="Select From List By Value" library="RPA.Browser.Selenium">
<arg>head</arg>
<arg>${order}[Head]</arg>
<doc>Selects options from selection list ``locator`` by ``values``.</doc>
<msg timestamp="20220612 12:58:19.405" level="INFO">Selecting options from selection list 'head' by value 3.</msg>
<status status="PASS" starttime="20220612 12:58:19.402" endtime="20220612 12:58:19.475"/>
</kw>
<kw name="Select Radio Button" library="RPA.Browser.Selenium">
<arg>body</arg>
<arg>${order}[Body]</arg>
<doc>Sets the radio button group ``group_name`` to ``value``.</doc>
<msg timestamp="20220612 12:58:19.477" level="INFO">Selecting '5' from radio button 'body'.</msg>
<status status="PASS" starttime="20220612 12:58:19.476" endtime="20220612 12:58:19.543"/>
</kw>
<kw name="Input Text" library="RPA.Browser.Selenium">
<arg>class:form-control</arg>
<arg>${order}[Legs]</arg>
<doc>Types the given ``text`` into the text field identified by ``locator``.</doc>
<msg timestamp="20220612 12:58:19.546" level="INFO">Typing text '1' into text field 'class:form-control'.</msg>
<status status="PASS" starttime="20220612 12:58:19.544" endtime="20220612 12:58:19.617"/>
</kw>
<kw name="Input Text" library="RPA.Browser.Selenium">
<arg>address</arg>
<arg>${order}[Address]</arg>
<doc>Types the given ``text`` into the text field identified by ``locator``.</doc>
<msg timestamp="20220612 12:58:19.621" level="INFO">Typing text 'Address 2' into text field 'address'.</msg>
<status status="PASS" starttime="20220612 12:58:19.619" endtime="20220612 12:58:19.714"/>
</kw>
<kw name="Click Button" library="RPA.Browser.Selenium">
<arg>preview</arg>
<doc>Clicks the button identified by ``locator``.</doc>
<msg timestamp="20220612 12:58:19.715" level="INFO">Clicking button 'preview'.</msg>
<status status="PASS" starttime="20220612 12:58:19.714" endtime="20220612 12:58:19.768"/>
</kw>
<status status="PASS" starttime="20220612 12:58:19.401" endtime="20220612 12:58:19.768"/>
</iter>
<iter>
<var name="${order}">{'Order number': '6', 'Head': '1', 'Body': '6', 'Legs': '6', 'Address': 'Address 3'}</var>
<kw name="Select From List By Value" library="RPA.Browser.Selenium">
<arg>head</arg>
<arg>${order}[Head]</arg>
<doc>Selects options from selection list ``locator`` by ``values``.</doc>
<msg timestamp="20220612 12:58:19.771" level="INFO">Selecting options from selection list 'head' by value 1.</msg>
<status status="PASS" starttime="20220612 12:58:19.770" endtime="20220612 12:58:19.832"/>
</kw>
<kw name="Select Radio Button" library="RPA.Browser.Selenium">
<arg>body</arg>
<arg>${order}[Body]</arg>
<doc>Sets the radio button group ``group_name`` to ``value``.</doc>
<msg timestamp="20220612 12:58:19.834" level="INFO">Selecting '6' from radio button 'body'.</msg>
<status status="PASS" starttime="20220612 12:58:19.833" endtime="20220612 12:58:19.897"/>
</kw>
<kw name="Input Text" library="RPA.Browser.Selenium">
<arg>class:form-control</arg>
<arg>${order}[Legs]</arg>
<doc>Types the given ``text`` into the text field identified by ``locator``.</doc>
<msg timestamp="20220612 12:58:19.900" level="INFO">Typing text '6' into text field 'class:form-control'.</msg>
<status status="PASS" starttime="20220612 12:58:19.899" endtime="20220612 12:58:19.971"/>
</kw>
<kw name="Input Text" library="RPA.Browser.Selenium">
<arg>address</arg>
<arg>${order}[Address]</arg>
<doc>Types the given ``text`` into the text field identified by ``locator``.</doc>
<msg timestamp="20220612 12:58:19.973" level="INFO">Typing text 'Address 3' into text field 'address'.</msg>
<status status="PASS" starttime="20220612 12:58:19.972" endtime="20220612 12:58:20.056"/>
</kw>
<kw name="Click Button" library="RPA.Browser.Selenium">
<arg>preview</arg>
<doc>Clicks the button identified by ``locator``.</doc>
<msg timestamp="20220612 12:58:20.059" level="INFO">Clicking button 'preview'.</msg>
<status status="PASS" starttime="20220612 12:58:20.058" endtime="20220612 12:58:20.106"/>
</kw>
<status status="PASS" starttime="20220612 12:58:19.769" endtime="20220612 12:58:20.107"/>
</iter>
<iter>
<var name="${order}">{'Order number': '7', 'Head': '5', 'Body': '1', 'Legs': '5', 'Address': 'Address 4'}</var>
<kw name="Select From List By Value" library="RPA.Browser.Selenium">
<arg>head</arg>
<arg>${order}[Head]</arg>
<doc>Selects options from selection list ``locator`` by ``values``.</doc>
<msg timestamp="20220612 12:58:20.110" level="INFO">Selecting options from selection list 'head' by value 5.</msg>
<status status="PASS" starttime="20220612 12:58:20.108" endtime="20220612 12:58:20.180"/>
</kw>
<kw name="Select Radio Button" library="RPA.Browser.Selenium">
<arg>body</arg>
<arg>${order}[Body]</arg>
<doc>Sets the radio button group ``group_name`` to ``value``.</doc>
<msg timestamp="20220612 12:58:20.182" level="INFO">Selecting '1' from radio button 'body'.</msg>
<status status="PASS" starttime="20220612 12:58:20.181" endtime="20220612 12:58:20.224"/>
</kw>
<kw name="Input Text" library="RPA.Browser.Selenium">
<arg>class:form-control</arg>
<arg>${order}[Legs]</arg>
<doc>Types the given ``text`` into the text field identified by ``locator``.</doc>
<msg timestamp="20220612 12:58:20.227" level="INFO">Typing text '5' into text field 'class:form-control'.</msg>
<status status="PASS" starttime="20220612 12:58:20.226" endtime="20220612 12:58:20.294"/>
</kw>
<kw name="Input Text" library="RPA.Browser.Selenium">
<arg>address</arg>
<arg>${order}[Address]</arg>
<doc>Types the given ``text`` into the text field identified by ``locator``.</doc>
<msg timestamp="20220612 12:58:20.298" level="INFO">Typing text 'Address 4' into text field 'address'.</msg>
<status status="PASS" starttime="20220612 12:58:20.295" endtime="20220612 12:58:20.380"/>
</kw>
<kw name="Click Button" library="RPA.Browser.Selenium">
<arg>preview</arg>
<doc>Clicks the button identified by ``locator``.</doc>
<msg timestamp="20220612 12:58:20.382" level="INFO">Clicking button 'preview'.</msg>
<status status="PASS" starttime="20220612 12:58:20.381" endtime="20220612 12:58:20.435"/>
</kw>
<status status="PASS" starttime="20220612 12:58:20.107" endtime="20220612 12:58:20.435"/>
</iter>
<iter>
<var name="${order}">{'Order number': '8', 'Head': '2', 'Body': '3', 'Legs': '3', 'Address': 'Address 5'}</var>
<kw name="Select From List By Value" library="RPA.Browser.Selenium">
<arg>head</arg>
<arg>${order}[Head]</arg>
<doc>Selects options from selection list ``locator`` by ``values``.</doc>
<msg timestamp="20220612 12:58:20.438" level="INFO">Selecting options from selection list 'head' by value 2.</msg>
<status status="PASS" starttime="20220612 12:58:20.437" endtime="20220612 12:58:20.493"/>
</kw>
<kw name="Select Radio Button" library="RPA.Browser.Selenium">
<arg>body</arg>
<arg>${order}[Body]</arg>
<doc>Sets the radio button group ``group_name`` to ``value``.</doc>
<msg timestamp="20220612 12:58:20.495" level="INFO">Selecting '3' from radio button 'body'.</msg>
<status status="PASS" starttime="20220612 12:58:20.494" endtime="20220612 12:58:20.538"/>
</kw>
<kw name="Input Text" library="RPA.Browser.Selenium">
<arg>class:form-control</arg>
<arg>${order}[Legs]</arg>
<doc>Types the given ``text`` into the text field identified by ``locator``.</doc>
<msg timestamp="20220612 12:58:20.540" level="INFO">Typing text '3' into text field 'class:form-control'.</msg>
<status status="PASS" starttime="20220612 12:58:20.539" endtime="20220612 12:58:20.611"/>
</kw>
<kw name="Input Text" library="RPA.Browser.Selenium">
<arg>address</arg>
<arg>${order}[Address]</arg>
<doc>Types the given ``text`` into the text field identified by ``locator``.</doc>
<msg timestamp="20220612 12:58:20.613" level="INFO">Typing text 'Address 5' into text field 'address'.</msg>
<status status="PASS" starttime="20220612 12:58:20.612" endtime="20220612 12:58:20.694"/>
</kw>
<kw name="Click Button" library="RPA.Browser.Selenium">
<arg>preview</arg>
<doc>Clicks the button identified by ``locator``.</doc>
<msg timestamp="20220612 12:58:20.696" level="INFO">Clicking button 'preview'.</msg>
<status status="PASS" starttime="20220612 12:58:20.695" endtime="20220612 12:58:20.744"/>
</kw>
<status status="PASS" starttime="20220612 12:58:20.436" endtime="20220612 12:58:20.745"/>
</iter>
<iter>
<var name="${order}">{'Order number': '9', 'Head': '3', 'Body': '2', 'Legs': '2', 'Address': 'Address 6'}</var>
<kw name="Select From List By Value" library="RPA.Browser.Selenium">
<arg>head</arg>
<arg>${order}[Head]</arg>
<doc>Selects options from selection list ``locator`` by ``values``.</doc>
<msg timestamp="20220612 12:58:20.747" level="INFO">Selecting options from selection list 'head' by value 3.</msg>
<status status="PASS" starttime="20220612 12:58:20.746" endtime="20220612 12:58:20.800"/>
</kw>
<kw name="Select Radio Button" library="RPA.Browser.Selenium">
<arg>body</arg>
<arg>${order}[Body]</arg>
<doc>Sets the radio button group ``group_name`` to ``value``.</doc>
<msg timestamp="20220612 12:58:20.802" level="INFO">Selecting '2' from radio button 'body'.</msg>
<status status="PASS" starttime="20220612 12:58:20.801" endtime="20220612 12:58:20.846"/>
</kw>
<kw name="Input Text" library="RPA.Browser.Selenium">
<arg>class:form-control</arg>
<arg>${order}[Legs]</arg>
<doc>Types the given ``text`` into the text field identified by ``locator``.</doc>
<msg timestamp="20220612 12:58:20.848" level="INFO">Typing text '2' into text field 'class:form-control'.</msg>
<status status="PASS" starttime="20220612 12:58:20.846" endtime="20220612 12:58:20.914"/>
</kw>
<kw name="Input Text" library="RPA.Browser.Selenium">
<arg>address</arg>
<arg>${order}[Address]</arg>
<doc>Types the given ``text`` into the text field identified by ``locator``.</doc>
<msg timestamp="20220612 12:58:20.916" level="INFO">Typing text 'Address 6' into text field 'address'.</msg>
<status status="PASS" starttime="20220612 12:58:20.915" endtime="20220612 12:58:20.996"/>
</kw>
<kw name="Click Button" library="RPA.Browser.Selenium">
<arg>preview</arg>
<doc>Clicks the button identified by ``locator``.</doc>
<msg timestamp="20220612 12:58:20.997" level="INFO">Clicking button 'preview'.</msg>
<status status="PASS" starttime="20220612 12:58:20.996" endtime="20220612 12:58:21.045"/>
</kw>
<status status="PASS" starttime="20220612 12:58:20.745" endtime="20220612 12:58:21.046"/>
</iter>
<iter>
<var name="${order}">{'Order number': '10', 'Head': '4', 'Body': '4', 'Legs': '2', 'Address': 'Address 7'}</var>
<kw name="Select From List By Value" library="RPA.Browser.Selenium">
<arg>head</arg>
<arg>${order}[Head]</arg>
<doc>Selects options from selection list ``locator`` by ``values``.</doc>
<msg timestamp="20220612 12:58:21.050" level="INFO">Selecting options from selection list 'head' by value 4.</msg>
<status status="PASS" starttime="20220612 12:58:21.048" endtime="20220612 12:58:21.105"/>
</kw>
<kw name="Select Radio Button" library="RPA.Browser.Selenium">
<arg>body</arg>
<arg>${order}[Body]</arg>
<doc>Sets the radio button group ``group_name`` to ``value``.</doc>
<msg timestamp="20220612 12:58:21.106" level="INFO">Selecting '4' from radio button 'body'.</msg>
<status status="PASS" starttime="20220612 12:58:21.105" endtime="20220612 12:58:21.165"/>
</kw>
<kw name="Input Text" library="RPA.Browser.Selenium">
<arg>class:form-control</arg>
<arg>${order}[Legs]</arg>
<doc>Types the given ``text`` into the text field identified by ``locator``.</doc>
<msg timestamp="20220612 12:58:21.167" level="INFO">Typing text '2' into text field 'class:form-control'.</msg>
<status status="PASS" starttime="20220612 12:58:21.166" endtime="20220612 12:58:21.235"/>
</kw>
<kw name="Input Text" library="RPA.Browser.Selenium">
<arg>address</arg>
<arg>${order}[Address]</arg>
<doc>Types the given ``text`` into the text field identified by ``locator``.</doc>
<msg timestamp="20220612 12:58:21.237" level="INFO">Typing text 'Address 7' into text field 'address'.</msg>
<status status="PASS" starttime="20220612 12:58:21.235" endtime="20220612 12:58:21.318"/>
</kw>
<kw name="Click Button" library="RPA.Browser.Selenium">
<arg>preview</arg>
<doc>Clicks the button identified by ``locator``.</doc>
<msg timestamp="20220612 12:58:21.321" level="INFO">Clicking button 'preview'.</msg>
<status status="PASS" starttime="20220612 12:58:21.319" endtime="20220612 12:58:21.374"/>
</kw>
<status status="PASS" starttime="20220612 12:58:21.047" endtime="20220612 12:58:21.375"/>
</iter>
<iter>
<var name="${order}">{'Order number': '11', 'Head': '6', 'Body': '6', 'Legs': '1', 'Address': 'Address 8'}</var>
<kw name="Select From List By Value" library="RPA.Browser.Selenium">
<arg>head</arg>
<arg>${order}[Head]</arg>
<doc>Selects options from selection list ``locator`` by ``values``.</doc>
<msg timestamp="20220612 12:58:21.382" level="INFO">Selecting options from selection list 'head' by value 6.</msg>
<status status="PASS" starttime="20220612 12:58:21.379" endtime="20220612 12:58:21.453"/>
</kw>
<kw name="Select Radio Button" library="RPA.Browser.Selenium">
<arg>body</arg>
<arg>${order}[Body]</arg>
<doc>Sets the radio button group ``group_name`` to ``value``.</doc>
<msg timestamp="20220612 12:58:21.459" level="INFO">Selecting '6' from radio button 'body'.</msg>
<status status="PASS" starttime="20220612 12:58:21.455" endtime="20220612 12:58:21.520"/>
</kw>
<kw name="Input Text" library="RPA.Browser.Selenium">
<arg>class:form-control</arg>
<arg>${order}[Legs]</arg>
<doc>Types the given ``text`` into the text field identified by ``locator``.</doc>
<msg timestamp="20220612 12:58:21.526" level="INFO">Typing text '1' into text field 'class:form-control'.</msg>
<status status="PASS" starttime="20220612 12:58:21.522" endtime="20220612 12:58:21.600"/>
</kw>
<kw name="Input Text" library="RPA.Browser.Selenium">
<arg>address</arg>
<arg>${order}[Address]</arg>
<doc>Types the given ``text`` into the text field identified by ``locator``.</doc>
<msg timestamp="20220612 12:58:21.602" level="INFO">Typing text 'Address 8' into text field 'address'.</msg>
<status status="PASS" starttime="20220612 12:58:21.601" endtime="20220612 12:58:21.685"/>
</kw>
<kw name="Click Button" library="RPA.Browser.Selenium">
<arg>preview</arg>
<doc>Clicks the button identified by ``locator``.</doc>
<msg timestamp="20220612 12:58:21.687" level="INFO">Clicking button 'preview'.</msg>
<status status="PASS" starttime="20220612 12:58:21.686" endtime="20220612 12:58:21.734"/>
</kw>
<status status="PASS" starttime="20220612 12:58:21.377" endtime="20220612 12:58:21.734"/>
</iter>
<iter>
<var name="${order}">{'Order number': '12', 'Head': '1', 'Body': '3', 'Legs': '3', 'Address': 'Address 9'}</var>
<kw name="Select From List By Value" library="RPA.Browser.Selenium">
<arg>head</arg>
<arg>${order}[Head]</arg>
<doc>Selects options from selection list ``locator`` by ``values``.</doc>
<msg timestamp="20220612 12:58:21.738" level="INFO">Selecting options from selection list 'head' by value 1.</msg>
<status status="PASS" starttime="20220612 12:58:21.736" endtime="20220612 12:58:21.793"/>
</kw>
<kw name="Select Radio Button" library="RPA.Browser.Selenium">
<arg>body</arg>
<arg>${order}[Body]</arg>
<doc>Sets the radio button group ``group_name`` to ``value``.</doc>
<msg timestamp="20220612 12:58:21.795" level="INFO">Selecting '3' from radio button 'body'.</msg>
<status status="PASS" starttime="20220612 12:58:21.794" endtime="20220612 12:58:21.839"/>
</kw>
<kw name="Input Text" library="RPA.Browser.Selenium">
<arg>class:form-control</arg>
<arg>${order}[Legs]</arg>
<doc>Types the given ``text`` into the text field identified by ``locator``.</doc>
<msg timestamp="20220612 12:58:21.841" level="INFO">Typing text '3' into text field 'class:form-control'.</msg>
<status status="PASS" starttime="20220612 12:58:21.839" endtime="20220612 12:58:21.907"/>
</kw>
<kw name="Input Text" library="RPA.Browser.Selenium">
<arg>address</arg>
<arg>${order}[Address]</arg>
<doc>Types the given ``text`` into the text field identified by ``locator``.</doc>
<msg timestamp="20220612 12:58:21.909" level="INFO">Typing text 'Address 9' into text field 'address'.</msg>
<status status="PASS" starttime="20220612 12:58:21.908" endtime="20220612 12:58:21.991"/>
</kw>
<kw name="Click Button" library="RPA.Browser.Selenium">
<arg>preview</arg>
<doc>Clicks the button identified by ``locator``.</doc>
<msg timestamp="20220612 12:58:21.994" level="INFO">Clicking button 'preview'.</msg>
<status status="PASS" starttime="20220612 12:58:21.992" endtime="20220612 12:58:22.040"/>
</kw>
<status status="PASS" starttime="20220612 12:58:21.735" endtime="20220612 12:58:22.041"/>
</iter>
<iter>
<var name="${order}">{'Order number': '13', 'Head': '1', 'Body': '5', 'Legs': '4', 'Address': 'Address A'}</var>
<kw name="Select From List By Value" library="RPA.Browser.Selenium">
<arg>head</arg>
<arg>${order}[Head]</arg>
<doc>Selects options from selection list ``locator`` by ``values``.</doc>
<msg timestamp="20220612 12:58:22.044" level="INFO">Selecting options from selection list 'head' by value 1.</msg>
<status status="PASS" starttime="20220612 12:58:22.042" endtime="20220612 12:58:22.082"/>
</kw>
<kw name="Select Radio Button" library="RPA.Browser.Selenium">
<arg>body</arg>
<arg>${order}[Body]</arg>
<doc>Sets the radio button group ``group_name`` to ``value``.</doc>
<msg timestamp="20220612 12:58:22.085" level="INFO">Selecting '5' from radio button 'body'.</msg>
<status status="PASS" starttime="20220612 12:58:22.082" endtime="20220612 12:58:22.127"/>
</kw>
<kw name="Input Text" library="RPA.Browser.Selenium">
<arg>class:form-control</arg>
<arg>${order}[Legs]</arg>
<doc>Types the given ``text`` into the text field identified by ``locator``.</doc>
<msg timestamp="20220612 12:58:22.129" level="INFO">Typing text '4' into text field 'class:form-control'.</msg>
<status status="PASS" starttime="20220612 12:58:22.127" endtime="20220612 12:58:22.192"/>
</kw>
<kw name="Input Text" library="RPA.Browser.Selenium">
<arg>address</arg>
<arg>${order}[Address]</arg>
<doc>Types the given ``text`` into the text field identified by ``locator``.</doc>
<msg timestamp="20220612 12:58:22.195" level="INFO">Typing text 'Address A' into text field 'address'.</msg>
<status status="PASS" starttime="20220612 12:58:22.194" endtime="20220612 12:58:22.281"/>
</kw>
<kw name="Click Button" library="RPA.Browser.Selenium">
<arg>preview</arg>
<doc>Clicks the button identified by ``locator``.</doc>
<msg timestamp="20220612 12:58:22.283" level="INFO">Clicking button 'preview'.</msg>
<status status="PASS" starttime="20220612 12:58:22.282" endtime="20220612 12:58:22.330"/>
</kw>
<status status="PASS" starttime="20220612 12:58:22.041" endtime="20220612 12:58:22.331"/>
</iter>
<iter>
<var name="${order}">{'Order number': '14', 'Head': '3', 'Body': '1', 'Legs': '5', 'Address': 'Address B'}</var>
<kw name="Select From List By Value" library="RPA.Browser.Selenium">
<arg>head</arg>
<arg>${order}[Head]</arg>
<doc>Selects options from selection list ``locator`` by ``values``.</doc>
<msg timestamp="20220612 12:58:22.334" level="INFO">Selecting options from selection list 'head' by value 3.</msg>
<status status="PASS" starttime="20220612 12:58:22.333" endtime="20220612 12:58:22.388"/>
</kw>
<kw name="Select Radio Button" library="RPA.Browser.Selenium">
<arg>body</arg>
<arg>${order}[Body]</arg>
<doc>Sets the radio button group ``group_name`` to ``value``.</doc>
<msg timestamp="20220612 12:58:22.390" level="INFO">Selecting '1' from radio button 'body'.</msg>
<status status="PASS" starttime="20220612 12:58:22.388" endtime="20220612 12:58:22.433"/>
</kw>
<kw name="Input Text" library="RPA.Browser.Selenium">
<arg>class:form-control</arg>
<arg>${order}[Legs]</arg>
<doc>Types the given ``text`` into the text field identified by ``locator``.</doc>
<msg timestamp="20220612 12:58:22.435" level="INFO">Typing text '5' into text field 'class:form-control'.</msg>
<status status="PASS" starttime="20220612 12:58:22.434" endtime="20220612 12:58:22.496"/>
</kw>
<kw name="Input Text" library="RPA.Browser.Selenium">
<arg>address</arg>
<arg>${order}[Address]</arg>
<doc>Types the given ``text`` into the text field identified by ``locator``.</doc>
<msg timestamp="20220612 12:58:22.501" level="INFO">Typing text 'Address B' into text field 'address'.</msg>
<status status="PASS" starttime="20220612 12:58:22.499" endtime="20220612 12:58:22.583"/>
</kw>
<kw name="Click Button" library="RPA.Browser.Selenium">
<arg>preview</arg>
<doc>Clicks the button identified by ``locator``.</doc>
<msg timestamp="20220612 12:58:22.585" level="INFO">Clicking button 'preview'.</msg>
<status status="PASS" starttime="20220612 12:58:22.584" endtime="20220612 12:58:22.634"/>
</kw>
<status status="PASS" starttime="20220612 12:58:22.332" endtime="20220612 12:58:22.635"/>
</iter>
<iter>
<var name="${order}">{'Order number': '15', 'Head': '3', 'Body': '2', 'Legs': '6', 'Address': 'Address C'}</var>
<kw name="Select From List By Value" library="RPA.Browser.Selenium">
<arg>head</arg>
<arg>${order}[Head]</arg>
<doc>Selects options from selection list ``locator`` by ``values``.</doc>
<msg timestamp="20220612 12:58:22.638" level="INFO">Selecting options from selection list 'head' by value 3.</msg>
<status status="PASS" starttime="20220612 12:58:22.636" endtime="20220612 12:58:22.676"/>
</kw>
<kw name="Select Radio Button" library="RPA.Browser.Selenium">
<arg>body</arg>
<arg>${order}[Body]</arg>
<doc>Sets the radio button group ``group_name`` to ``value``.</doc>
<msg timestamp="20220612 12:58:22.678" level="INFO">Selecting '2' from radio button 'body'.</msg>
<status status="PASS" starttime="20220612 12:58:22.677" endtime="20220612 12:58:22.718"/>
</kw>
<kw name="Input Text" library="RPA.Browser.Selenium">
<arg>class:form-control</arg>
<arg>${order}[Legs]</arg>
<doc>Types the given ``text`` into the text field identified by ``locator``.</doc>
<msg timestamp="20220612 12:58:22.720" level="INFO">Typing text '6' into text field 'class:form-control'.</msg>
<status status="PASS" starttime="20220612 12:58:22.719" endtime="20220612 12:58:22.785"/>
</kw>
<kw name="Input Text" library="RPA.Browser.Selenium">
<arg>address</arg>
<arg>${order}[Address]</arg>
<doc>Types the given ``text`` into the text field identified by ``locator``.</doc>
<msg timestamp="20220612 12:58:22.788" level="INFO">Typing text 'Address C' into text field 'address'.</msg>
<status status="PASS" starttime="20220612 12:58:22.786" endtime="20220612 12:58:22.869"/>
</kw>
<kw name="Click Button" library="RPA.Browser.Selenium">
<arg>preview</arg>
<doc>Clicks the button identified by ``locator``.</doc>
<msg timestamp="20220612 12:58:22.871" level="INFO">Clicking button 'preview'.</msg>
<status status="PASS" starttime="20220612 12:58:22.870" endtime="20220612 12:58:22.920"/>
</kw>
<status status="PASS" starttime="20220612 12:58:22.636" endtime="20220612 12:58:22.920"/>
</iter>
<iter>
<var name="${order}">{'Order number': '16', 'Head': '6', 'Body': '3', 'Legs': '6', 'Address': 'Address D'}</var>
<kw name="Select From List By Value" library="RPA.Browser.Selenium">
<arg>head</arg>
<arg>${order}[Head]</arg>
<doc>Selects options from selection list ``locator`` by ``values``.</doc>
<msg timestamp="20220612 12:58:22.926" level="INFO">Selecting options from selection list 'head' by value 6.</msg>
<status status="PASS" starttime="20220612 12:58:22.923" endtime="20220612 12:58:22.977"/>
</kw>
<kw name="Select Radio Button" library="RPA.Browser.Selenium">
<arg>body</arg>
<arg>${order}[Body]</arg>
<doc>Sets the radio button group ``group_name`` to ``value``.</doc>
<msg timestamp="20220612 12:58:22.980" level="INFO">Selecting '3' from radio button 'body'.</msg>
<status status="PASS" starttime="20220612 12:58:22.979" endtime="20220612 12:58:23.021"/>
</kw>
<kw name="Input Text" library="RPA.Browser.Selenium">
<arg>class:form-control</arg>
<arg>${order}[Legs]</arg>
<doc>Types the given ``text`` into the text field identified by ``locator``.</doc>
<msg timestamp="20220612 12:58:23.023" level="INFO">Typing text '6' into text field 'class:form-control'.</msg>
<status status="PASS" starttime="20220612 12:58:23.022" endtime="20220612 12:58:23.092"/>
</kw>
<kw name="Input Text" library="RPA.Browser.Selenium">
<arg>address</arg>
<arg>${order}[Address]</arg>
<doc>Types the given ``text`` into the text field identified by ``locator``.</doc>
<msg timestamp="20220612 12:58:23.094" level="INFO">Typing text 'Address D' into text field 'address'.</msg>
<status status="PASS" starttime="20220612 12:58:23.093" endtime="20220612 12:58:23.173"/>
</kw>
<kw name="Click Button" library="RPA.Browser.Selenium">
<arg>preview</arg>
<doc>Clicks the button identified by ``locator``.</doc>
<msg timestamp="20220612 12:58:23.174" level="INFO">Clicking button 'preview'.</msg>
<status status="PASS" starttime="20220612 12:58:23.173" endtime="20220612 12:58:23.222"/>
</kw>
<status status="PASS" starttime="20220612 12:58:22.922" endtime="20220612 12:58:23.223"/>
</iter>
<iter>
<var name="${order}">{'Order number': '17', 'Head': '5', 'Body': '4', 'Legs': '1', 'Address': 'Address E'}</var>
<kw name="Select From List By Value" library="RPA.Browser.Selenium">
<arg>head</arg>
<arg>${order}[Head]</arg>
<doc>Selects options from selection list ``locator`` by ``values``.</doc>
<msg timestamp="20220612 12:58:23.226" level="INFO">Selecting options from selection list 'head' by value 5.</msg>
<status status="PASS" starttime="20220612 12:58:23.224" endtime="20220612 12:58:23.278"/>
</kw>
<kw name="Select Radio Button" library="RPA.Browser.Selenium">
<arg>body</arg>
<arg>${order}[Body]</arg>
<doc>Sets the radio button group ``group_name`` to ``value``.</doc>
<msg timestamp="20220612 12:58:23.280" level="INFO">Selecting '4' from radio button 'body'.</msg>
<status status="PASS" starttime="20220612 12:58:23.279" endtime="20220612 12:58:23.321"/>
</kw>
<kw name="Input Text" library="RPA.Browser.Selenium">
<arg>class:form-control</arg>
<arg>${order}[Legs]</arg>
<doc>Types the given ``text`` into the text field identified by ``locator``.</doc>
<msg timestamp="20220612 12:58:23.323" level="INFO">Typing text '1' into text field 'class:form-control'.</msg>
<status status="PASS" starttime="20220612 12:58:23.322" endtime="20220612 12:58:23.389"/>
</kw>
<kw name="Input Text" library="RPA.Browser.Selenium">
<arg>address</arg>
<arg>${order}[Address]</arg>
<doc>Types the given ``text`` into the text field identified by ``locator``.</doc>
<msg timestamp="20220612 12:58:23.392" level="INFO">Typing text 'Address E' into text field 'address'.</msg>
<status status="PASS" starttime="20220612 12:58:23.390" endtime="20220612 12:58:23.470"/>
</kw>
<kw name="Click Button" library="RPA.Browser.Selenium">
<arg>preview</arg>
<doc>Clicks the button identified by ``locator``.</doc>
<msg timestamp="20220612 12:58:23.474" level="INFO">Clicking button 'preview'.</msg>
<status status="PASS" starttime="20220612 12:58:23.472" endtime="20220612 12:58:23.521"/>
</kw>
<status status="PASS" starttime="20220612 12:58:23.223" endtime="20220612 12:58:23.522"/>
</iter>
<iter>
<var name="${order}">{'Order number': '18', 'Head': '2', 'Body': '5', 'Legs': '1', 'Address': 'Address F'}</var>
<kw name="Select From List By Value" library="RPA.Browser.Selenium">
<arg>head</arg>
<arg>${order}[Head]</arg>
<doc>Selects options from selection list ``locator`` by ``values``.</doc>
<msg timestamp="20220612 12:58:23.527" level="INFO">Selecting options from selection list 'head' by value 2.</msg>
<status status="PASS" starttime="20220612 12:58:23.523" endtime="20220612 12:58:23.583"/>
</kw>
<kw name="Select Radio Button" library="RPA.Browser.Selenium">
<arg>body</arg>
<arg>${order}[Body]</arg>
<doc>Sets the radio button group ``group_name`` to ``value``.</doc>
<msg timestamp="20220612 12:58:23.585" level="INFO">Selecting '5' from radio button 'body'.</msg>
<status status="PASS" starttime="20220612 12:58:23.583" endtime="20220612 12:58:23.627"/>
</kw>
<kw name="Input Text" library="RPA.Browser.Selenium">
<arg>class:form-control</arg>
<arg>${order}[Legs]</arg>
<doc>Types the given ``text`` into the text field identified by ``locator``.</doc>
<msg timestamp="20220612 12:58:23.629" level="INFO">Typing text '1' into text field 'class:form-control'.</msg>
<status status="PASS" starttime="20220612 12:58:23.627" endtime="20220612 12:58:23.693"/>
</kw>
<kw name="Input Text" library="RPA.Browser.Selenium">
<arg>address</arg>
<arg>${order}[Address]</arg>
<doc>Types the given ``text`` into the text field identified by ``locator``.</doc>
<msg timestamp="20220612 12:58:23.696" level="INFO">Typing text 'Address F' into text field 'address'.</msg>
<status status="PASS" starttime="20220612 12:58:23.694" endtime="20220612 12:58:23.777"/>
</kw>
<kw name="Click Button" library="RPA.Browser.Selenium">
<arg>preview</arg>
<doc>Clicks the button identified by ``locator``.</doc>
<msg timestamp="20220612 12:58:23.780" level="INFO">Clicking button 'preview'.</msg>
<status status="PASS" starttime="20220612 12:58:23.778" endtime="20220612 12:58:23.828"/>
</kw>
<status status="PASS" starttime="20220612 12:58:23.522" endtime="20220612 12:58:23.828"/>
</iter>
<iter>
<var name="${order}">{'Order number': '19', 'Head': '4', 'Body': '6', 'Legs': '2', 'Address': 'Address G'}</var>
<kw name="Select From List By Value" library="RPA.Browser.Selenium">
<arg>head</arg>
<arg>${order}[Head]</arg>
<doc>Selects options from selection list ``locator`` by ``values``.</doc>
<msg timestamp="20220612 12:58:23.831" level="INFO">Selecting options from selection list 'head' by value 4.</msg>
<status status="PASS" starttime="20220612 12:58:23.830" endtime="20220612 12:58:23.886"/>
</kw>
<kw name="Select Radio Button" library="RPA.Browser.Selenium">
<arg>body</arg>
<arg>${order}[Body]</arg>
<doc>Sets the radio button group ``group_name`` to ``value``.</doc>
<msg timestamp="20220612 12:58:23.890" level="INFO">Selecting '6' from radio button 'body'.</msg>
<status status="PASS" starttime="20220612 12:58:23.887" endtime="20220612 12:58:23.932"/>
</kw>
<kw name="Input Text" library="RPA.Browser.Selenium">
<arg>class:form-control</arg>
<arg>${order}[Legs]</arg>
<doc>Types the given ``text`` into the text field identified by ``locator``.</doc>
<msg timestamp="20220612 12:58:23.934" level="INFO">Typing text '2' into text field 'class:form-control'.</msg>
<status status="PASS" starttime="20220612 12:58:23.932" endtime="20220612 12:58:24.001"/>
</kw>
<kw name="Input Text" library="RPA.Browser.Selenium">
<arg>address</arg>
<arg>${order}[Address]</arg>
<doc>Types the given ``text`` into the text field identified by ``locator``.</doc>
<msg timestamp="20220612 12:58:24.003" level="INFO">Typing text 'Address G' into text field 'address'.</msg>
<status status="PASS" starttime="20220612 12:58:24.002" endtime="20220612 12:58:24.085"/>
</kw>
<kw name="Click Button" library="RPA.Browser.Selenium">
<arg>preview</arg>
<doc>Clicks the button identified by ``locator``.</doc>
<msg timestamp="20220612 12:58:24.087" level="INFO">Clicking button 'preview'.</msg>
<status status="PASS" starttime="20220612 12:58:24.086" endtime="20220612 12:58:24.136"/>
</kw>
<status status="PASS" starttime="20220612 12:58:23.829" endtime="20220612 12:58:24.136"/>
</iter>
<iter>
<var name="${order}">{'Order number': '20', 'Head': '1', 'Body': '1', 'Legs': '5', 'Address': 'Address H'}</var>
<kw name="Select From List By Value" library="RPA.Browser.Selenium">
<arg>head</arg>
<arg>${order}[Head]</arg>
<doc>Selects options from selection list ``locator`` by ``values``.</doc>
<msg timestamp="20220612 12:58:24.141" level="INFO">Selecting options from selection list 'head' by value 1.</msg>
<status status="PASS" starttime="20220612 12:58:24.139" endtime="20220612 12:58:24.197"/>
</kw>
<kw name="Select Radio Button" library="RPA.Browser.Selenium">
<arg>body</arg>
<arg>${order}[Body]</arg>
<doc>Sets the radio button group ``group_name`` to ``value``.</doc>
<msg timestamp="20220612 12:58:24.199" level="INFO">Selecting '1' from radio button 'body'.</msg>
<status status="PASS" starttime="20220612 12:58:24.198" endtime="20220612 12:58:24.246"/>
</kw>
<kw name="Input Text" library="RPA.Browser.Selenium">
<arg>class:form-control</arg>
<arg>${order}[Legs]</arg>
<doc>Types the given ``text`` into the text field identified by ``locator``.</doc>
<msg timestamp="20220612 12:58:24.249" level="INFO">Typing text '5' into text field 'class:form-control'.</msg>
<status status="PASS" starttime="20220612 12:58:24.247" endtime="20220612 12:58:24.315"/>
</kw>
<kw name="Input Text" library="RPA.Browser.Selenium">
<arg>address</arg>
<arg>${order}[Address]</arg>
<doc>Types the given ``text`` into the text field identified by ``locator``.</doc>
<msg timestamp="20220612 12:58:24.317" level="INFO">Typing text 'Address H' into text field 'address'.</msg>
<status status="PASS" starttime="20220612 12:58:24.316" endtime="20220612 12:58:24.401"/>
</kw>
<kw name="Click Button" library="RPA.Browser.Selenium">
<arg>preview</arg>
<doc>Clicks the button identified by ``locator``.</doc>
<msg timestamp="20220612 12:58:24.404" level="INFO">Clicking button 'preview'.</msg>
<status status="PASS" starttime="20220612 12:58:24.402" endtime="20220612 12:58:24.453"/>
</kw>
<status status="PASS" starttime="20220612 12:58:24.137" endtime="20220612 12:58:24.454"/>
</iter>
<status status="PASS" starttime="20220612 12:58:17.897" endtime="20220612 12:58:24.454"/>
</for>
<status status="PASS" starttime="20220612 12:58:17.893" endtime="20220612 12:58:24.455"/>
</kw>
<status status="PASS" starttime="20220612 12:58:17.870" endtime="20220612 12:58:24.456"/>
</kw>
<status status="PASS" starttime="20220612 12:58:15.363" endtime="20220612 12:58:24.458"/>
</test>
<doc>Orders robot from RobotSpareBin Industries Inc.
Saves the order HTML reciept as PDF
Saves the Scrennshot of the ordered robot
Embeds the SS of the robot to the PDF reciept
Creates ZIP archive of the reciepts and the images</doc>
<status status="PASS" starttime="20220612 12:58:13.526" endtime="20220612 12:58:24.465"/>
</suite>
<statistics>
<total>
<stat pass="1" fail="0" skip="0">All Tasks</stat>
</total>
<tag>
</tag>
<suite>
<stat pass="1" fail="0" skip="0" id="s1" name="Tasks">Tasks</stat>
</suite>
</statistics>
<errors>
</errors>
</robot>
